<?xml version="1.0" encoding="UTF-8"?>
<beans xmlns="http://www.springframework.org/schema/beans"
	xmlns:xsi="http://www.w3.org/2001/XMLSchema-instance"
	xmlns:context="http://www.springframework.org/schema/context"
	xmlns:mvc="http://www.springframework.org/schema/mvc"
	xmlns:tx="http://www.springframework.org/schema/tx"
	xsi:schemaLocation="http://www.springframework.org/schema/mvc http://www.springframework.org/schema/mvc/spring-mvc.xsd
		http://www.springframework.org/schema/beans http://www.springframework.org/schema/beans/spring-beans.xsd
		http://www.springframework.org/schema/context http://www.springframework.org/schema/context/spring-context.xsd
		http://www.springframework.org/schema/tx http://www.springframework.org/schema/tx/spring-tx.xsd">

	<mvc:annotation-driven validator="validator"/>
	
	<context:component-scan base-package="com.bakos"/>
	
	<bean class="org.springframework.web.servlet.view.InternalResourceViewResolver">
		<property name="prefix" value="/WEB-INF/jsp/user"></property>
		<property name="suffix" value=".jsp"></property>
	</bean>
	
	<bean id="dataSource" class="org.apache.commons.dbcp2.BasicDataSource">
      <property name="driverClassName" value="com.mysql.jdbc.Driver" />
      <property name="url" value="jdbc:mysql://localhost:3306/myDatabase" />
      <property name="username" value="root" />
      <property name="password" value="" />	
	</bean>
	
	<bean id="messageSource" class="org.springframework.context.support.ResourceBundleMessageSource">
		<property name="basename" value="messages"></property>
	</bean>	
	
	
		<bean id="validator" class="org.springframework.validation.beanvalidation.LocalValidatorFactoryBean">
			<property name="validationMessageSource" ref="messageSource"></property>
		</bean>		
		

<!-- ***************************************************************************************************************** -->

<!-- ***************************************************************************************************************** -->  
    <bean
        class="org.springframework.orm.jpa.LocalContainerEntityManagerFactoryBean"
        id="entityManagerFactory">
        <property name="dataSource" ref="dataSource" />
    </bean>
    
    <bean class="org.springframework.orm.jpa.JpaTransactionManager"
        id="transactionManager">
        <property name="entityManagerFactory" ref="entityManagerFactory" />
    </bean>
    
   <tx:annotation-driven transaction-manager="transactionManager"/>
</beans>
